<?xml version="1.0" encoding="UTF-8"?>
<testng-results ignored="0" total="3" passed="3" failed="0" skipped="0">
  <reporter-output>
    <line>
      <![CDATA[[INFO ] [2022-01-14 09:24:07,078] Open 'CHROME' Browser
<br>]]>
    </line>
    <line>
      <![CDATA[[INFO ] [2022-01-14 09:24:33,490] Login_01 - Step 01 : Verify HomePage is displayed
<br>]]>
    </line>
    <line>
      <![CDATA[[INFO ] [2022-01-14 09:24:33,558]  -------------------------- FAILED -------------------------- 
<br>]]>
    </line>
    <line>
      <![CDATA[[INFO ] [2022-01-14 09:24:33,561] Login_01 - Step 02 : Click to Resiger link
<br>]]>
    </line>
    <line>
      <![CDATA[[INFO ] [2022-01-14 09:24:34,980] Login_01 - Step 03 : click to Gender radio button
<br>]]>
    </line>
    <line>
      <![CDATA[[INFO ] [2022-01-14 09:24:35,037] Login_01 - Step 04 : Enter To First Name Textbox
<br>]]>
    </line>
    <line>
      <![CDATA[[INFO ] [2022-01-14 09:24:35,130] Login_01 - Step 05 : Enter To Last Name Textbox
<br>]]>
    </line>
    <line>
      <![CDATA[[INFO ] [2022-01-14 09:24:35,211] Login_01 - Step 06 : Enter To Email Textboxtesting944@gmail.com
<br>]]>
    </line>
    <line>
      <![CDATA[[INFO ] [2022-01-14 09:24:35,294] Login_01 - Step 07 : Enter To Password Textbox123456
<br>]]>
    </line>
    <line>
      <![CDATA[[INFO ] [2022-01-14 09:24:35,373] Login_01 - Step 08 : Enter To Confirm Password Textbox
<br>]]>
    </line>
    <line>
      <![CDATA[[INFO ] [2022-01-14 09:24:35,451] Login_01 - Step 09 : Click To Register Button
<br>]]>
    </line>
    <line>
      <![CDATA[[INFO ] [2022-01-14 09:24:37,633] Login_01 - Step 10 : Verify HomePage is displayed
<br>]]>
    </line>
    <line>
      <![CDATA[[INFO ] [2022-01-14 09:24:37,667]  -------------------------- PASSED -------------------------- 
<br>]]>
    </line>
    <line>
      <![CDATA[[INFO ] [2022-01-14 09:24:40,091] Login_02 - Step 01 : Click To Login Button
<br>]]>
    </line>
    <line>
      <![CDATA[[INFO ] [2022-01-14 09:24:40,529] Login_02 - Step 02 : Enter To Email Textbox
<br>]]>
    </line>
    <line>
      <![CDATA[[INFO ] [2022-01-14 09:24:40,601] Login_02 - Step 03 : Enter To Password Textbox
<br>]]>
    </line>
    <line>
      <![CDATA[[INFO ] [2022-01-14 09:24:40,676] Login_02 - Step 04 : Click To Login Button
<br>]]>
    </line>
    <line>
      <![CDATA[[INFO ] [2022-01-14 09:24:42,373]  -------------------------- PASSED -------------------------- 
<br>]]>
    </line>
    <line>
      <![CDATA[[INFO ] [2022-01-14 09:24:42,383] Login_03 - Step 01 : Switch to search Page from homepage 
<br>]]>
    </line>
    <line>
      <![CDATA[[INFO ] [2022-01-14 09:24:43,732] Login_03 - Step 02 : Switch to My account Page from searchpage 
<br>]]>
    </line>
    <line>
      <![CDATA[[INFO ] [2022-01-14 09:24:44,167] Login_03 - Step 03 : Switch to search Page from orderpage 
<br>]]>
    </line>
    <line>
      <![CDATA[[INFO ] [2022-01-14 09:24:45,308] Login_03 - Step 04 : Switch to Open Page from My account page 
<br>]]>
    </line>
    <line>
      <![CDATA[[INFO ] [2022-01-14 09:24:45,727] Post-condition : Close browser
<br>]]>
    </line>
  </reporter-output>
  <suite started-at="2022-01-14T02:24:07Z" name="Nop Commerce" finished-at="2022-01-14T02:24:46Z" duration-ms="39261">
    <groups>
    </groups>
    <test started-at="2022-01-14T02:24:07Z" name="Run on CHROME" finished-at="2022-01-14T02:24:46Z" duration-ms="39261">
      <class name="com.nopcommerce.login.Level_13_Register_And_Login_Log_Report">
        <test-method is-config="true" signature="deleteAlLFilesInReportNGScreenshot()[pri:0, instance:com.nopcommerce.login.Level_13_Register_And_Login_Log_Report@3bead518]" started-at="2022-01-14T02:24:07Z" name="deleteAlLFilesInReportNGScreenshot" finished-at="2022-01-14T02:24:07Z" duration-ms="17" status="PASS">
          <reporter-output>
          </reporter-output>
        </test-method> <!-- deleteAlLFilesInReportNGScreenshot -->
        <test-method is-config="true" signature="initBrowser(java.lang.String, java.lang.String)[pri:0, instance:com.nopcommerce.login.Level_13_Register_And_Login_Log_Report@3bead518]" started-at="2022-01-14T02:24:07Z" name="initBrowser" finished-at="2022-01-14T02:24:33Z" duration-ms="26359" status="PASS">
          <params>
            <param index="0">
              <value>
                <![CDATA[CHROME]]>
              </value>
            </param>
            <param index="1">
              <value>
                <![CDATA[https://demo.nopcommerce.com/]]>
              </value>
            </param>
          </params>
          <reporter-output>
            <line>
              <![CDATA[[INFO ] [2022-01-14 09:24:07,078] Open 'CHROME' Browser
<br>]]>
            </line>
          </reporter-output>
        </test-method> <!-- initBrowser -->
        <test-method signature="Login_01_Register()[pri:0, instance:com.nopcommerce.login.Level_13_Register_And_Login_Log_Report@3bead518]" started-at="2022-01-14T02:24:33Z" name="Login_01_Register" finished-at="2022-01-14T02:24:40Z" duration-ms="6574" status="PASS">
          <exception class="java.lang.AssertionError">
            <message>
              <![CDATA[expected [false] but found [true]]]>
            </message>
            <full-stacktrace>
              <![CDATA[java.lang.AssertionError: expected [false] but found [true]
at org.testng.Assert.fail(Assert.java:96)
at org.testng.Assert.failNotEquals(Assert.java:776)
at org.testng.Assert.assertFalse(Assert.java:65)
at org.testng.Assert.assertFalse(Assert.java:75)
at commons.BaseTest.checkFailed(BaseTest.java:120)
at commons.BaseTest.verifyFalse(BaseTest.java:130)
at com.nopcommerce.login.Level_13_Register_And_Login_Log_Report.Login_01_Register(Level_13_Register_And_Login_Log_Report.java:47)
at java.base/jdk.internal.reflect.NativeMethodAccessorImpl.invoke0(Native Method)
at java.base/jdk.internal.reflect.NativeMethodAccessorImpl.invoke(NativeMethodAccessorImpl.java:62)
at java.base/jdk.internal.reflect.DelegatingMethodAccessorImpl.invoke(DelegatingMethodAccessorImpl.java:43)
at java.base/java.lang.reflect.Method.invoke(Method.java:566)
at org.testng.internal.MethodInvocationHelper.invokeMethod(MethodInvocationHelper.java:124)
at org.testng.internal.Invoker.invokeMethod(Invoker.java:583)
at org.testng.internal.Invoker.invokeTestMethod(Invoker.java:719)
at org.testng.internal.Invoker.invokeTestMethods(Invoker.java:989)
at org.testng.internal.TestMethodWorker.invokeTestMethods(TestMethodWorker.java:125)
at org.testng.internal.TestMethodWorker.run(TestMethodWorker.java:109)
at org.testng.TestRunner.privateRun(TestRunner.java:648)
at org.testng.TestRunner.run(TestRunner.java:505)
at org.testng.SuiteRunner.runTest(SuiteRunner.java:455)
at org.testng.SuiteRunner.runSequentially(SuiteRunner.java:450)
at org.testng.SuiteRunner.privateRun(SuiteRunner.java:415)
at org.testng.SuiteRunner.run(SuiteRunner.java:364)
at org.testng.SuiteRunnerWorker.runSuite(SuiteRunnerWorker.java:52)
at org.testng.SuiteRunnerWorker.run(SuiteRunnerWorker.java:84)
at org.testng.TestNG.runSuitesSequentially(TestNG.java:1208)
at org.testng.TestNG.runSuitesLocally(TestNG.java:1137)
at org.testng.TestNG.runSuites(TestNG.java:1049)
at org.testng.TestNG.run(TestNG.java:1017)
at org.testng.remote.AbstractRemoteTestNG.run(AbstractRemoteTestNG.java:115)
at org.testng.remote.RemoteTestNG.initAndRun(RemoteTestNG.java:251)
at org.testng.remote.RemoteTestNG.main(RemoteTestNG.java:77)
]]>
            </full-stacktrace>
          </exception> <!-- java.lang.AssertionError -->
          <reporter-output>
            <line>
              <![CDATA[[INFO ] [2022-01-14 09:24:33,490] Login_01 - Step 01 : Verify HomePage is displayed
<br>]]>
            </line>
            <line>
              <![CDATA[[INFO ] [2022-01-14 09:24:33,558]  -------------------------- FAILED -------------------------- 
<br>]]>
            </line>
            <line>
              <![CDATA[[INFO ] [2022-01-14 09:24:33,561] Login_01 - Step 02 : Click to Resiger link
<br>]]>
            </line>
            <line>
              <![CDATA[[INFO ] [2022-01-14 09:24:34,980] Login_01 - Step 03 : click to Gender radio button
<br>]]>
            </line>
            <line>
              <![CDATA[[INFO ] [2022-01-14 09:24:35,037] Login_01 - Step 04 : Enter To First Name Textbox
<br>]]>
            </line>
            <line>
              <![CDATA[[INFO ] [2022-01-14 09:24:35,130] Login_01 - Step 05 : Enter To Last Name Textbox
<br>]]>
            </line>
            <line>
              <![CDATA[[INFO ] [2022-01-14 09:24:35,211] Login_01 - Step 06 : Enter To Email Textboxtesting944@gmail.com
<br>]]>
            </line>
            <line>
              <![CDATA[[INFO ] [2022-01-14 09:24:35,294] Login_01 - Step 07 : Enter To Password Textbox123456
<br>]]>
            </line>
            <line>
              <![CDATA[[INFO ] [2022-01-14 09:24:35,373] Login_01 - Step 08 : Enter To Confirm Password Textbox
<br>]]>
            </line>
            <line>
              <![CDATA[[INFO ] [2022-01-14 09:24:35,451] Login_01 - Step 09 : Click To Register Button
<br>]]>
            </line>
            <line>
              <![CDATA[[INFO ] [2022-01-14 09:24:37,633] Login_01 - Step 10 : Verify HomePage is displayed
<br>]]>
            </line>
            <line>
              <![CDATA[[INFO ] [2022-01-14 09:24:37,667]  -------------------------- PASSED -------------------------- 
<br>]]>
            </line>
          </reporter-output>
        </test-method> <!-- Login_01_Register -->
        <test-method signature="Login_02_Login()[pri:0, instance:com.nopcommerce.login.Level_13_Register_And_Login_Log_Report@3bead518]" started-at="2022-01-14T02:24:40Z" name="Login_02_Login" finished-at="2022-01-14T02:24:42Z" duration-ms="2285" status="PASS">
          <reporter-output>
            <line>
              <![CDATA[[INFO ] [2022-01-14 09:24:40,091] Login_02 - Step 01 : Click To Login Button
<br>]]>
            </line>
            <line>
              <![CDATA[[INFO ] [2022-01-14 09:24:40,529] Login_02 - Step 02 : Enter To Email Textbox
<br>]]>
            </line>
            <line>
              <![CDATA[[INFO ] [2022-01-14 09:24:40,601] Login_02 - Step 03 : Enter To Password Textbox
<br>]]>
            </line>
            <line>
              <![CDATA[[INFO ] [2022-01-14 09:24:40,676] Login_02 - Step 04 : Click To Login Button
<br>]]>
            </line>
            <line>
              <![CDATA[[INFO ] [2022-01-14 09:24:42,373]  -------------------------- PASSED -------------------------- 
<br>]]>
            </line>
          </reporter-output>
        </test-method> <!-- Login_02_Login -->
        <test-method signature="Login_03_Switch_Page()[pri:0, instance:com.nopcommerce.login.Level_13_Register_And_Login_Log_Report@3bead518]" started-at="2022-01-14T02:24:42Z" name="Login_03_Switch_Page" finished-at="2022-01-14T02:24:45Z" duration-ms="3343" status="PASS">
          <reporter-output>
            <line>
              <![CDATA[[INFO ] [2022-01-14 09:24:42,383] Login_03 - Step 01 : Switch to search Page from homepage 
<br>]]>
            </line>
            <line>
              <![CDATA[[INFO ] [2022-01-14 09:24:43,732] Login_03 - Step 02 : Switch to My account Page from searchpage 
<br>]]>
            </line>
            <line>
              <![CDATA[[INFO ] [2022-01-14 09:24:44,167] Login_03 - Step 03 : Switch to search Page from orderpage 
<br>]]>
            </line>
            <line>
              <![CDATA[[INFO ] [2022-01-14 09:24:45,308] Login_03 - Step 04 : Switch to Open Page from My account page 
<br>]]>
            </line>
          </reporter-output>
        </test-method> <!-- Login_03_Switch_Page -->
        <test-method is-config="true" signature="cleanBrowser()[pri:0, instance:com.nopcommerce.login.Level_13_Register_And_Login_Log_Report@3bead518]" started-at="2022-01-14T02:24:45Z" name="cleanBrowser" finished-at="2022-01-14T02:24:46Z" duration-ms="576" status="PASS">
          <reporter-output>
            <line>
              <![CDATA[[INFO ] [2022-01-14 09:24:45,727] Post-condition : Close browser
<br>]]>
            </line>
          </reporter-output>
        </test-method> <!-- cleanBrowser -->
      </class> <!-- com.nopcommerce.login.Level_13_Register_And_Login_Log_Report -->
    </test> <!-- Run on CHROME -->
  </suite> <!-- Nop Commerce -->
</testng-results>
