<?xml version="1.0" encoding="UTF-8"?>
<testng-results skipped="0" failed="0" ignored="0" total="1" passed="1">
  <reporter-output>
  </reporter-output>
  <suite name="Default suite" duration-ms="9967" started-at="2022-01-04T15:04:06Z" finished-at="2022-01-04T15:04:16Z">
    <groups>
    </groups>
    <test name="Default test" duration-ms="9967" started-at="2022-01-04T15:04:06Z" finished-at="2022-01-04T15:04:16Z">
      <class name="test.NewTest">
        <test-method status="PASS" signature="beforeClass()[pri:0, instance:test.NewTest@5f59185e]" name="beforeClass" is-config="true" duration-ms="5980" started-at="2022-01-04T15:04:06Z" finished-at="2022-01-04T15:04:12Z">
          <reporter-output>
          </reporter-output>
        </test-method> <!-- beforeClass -->
        <test-method status="PASS" signature="f()[pri:0, instance:test.NewTest@5f59185e]" name="f" duration-ms="3478" started-at="2022-01-04T15:04:12Z" finished-at="2022-01-04T15:04:16Z">
          <reporter-output>
          </reporter-output>
        </test-method> <!-- f -->
        <test-method status="PASS" signature="afterClass()[pri:0, instance:test.NewTest@5f59185e]" name="afterClass" is-config="true" duration-ms="1" started-at="2022-01-04T15:04:16Z" finished-at="2022-01-04T15:04:16Z">
          <reporter-output>
          </reporter-output>
        </test-method> <!-- afterClass -->
      </class> <!-- test.NewTest -->
    </test> <!-- Default test -->
  </suite> <!-- Default suite -->
</testng-results>
